<?xml version="1.0" encoding="UTF-8"?>
<!-- Generated by org.testng.reporters.JUnitReportReporter -->
<testsuite hostname="user-PC" name="com.clc.testcases.OHRMLoginTest" tests="1" failures="0" timestamp="26 Aug 2019 06:45:36 GMT" time="13.354" errors="0">
  <testcase name="loggedIn" time="13.354" classname="com.clc.testcases.OHRMLoginTest"/>
</testsuite> <!-- com.clc.testcases.OHRMLoginTest -->
