<?xml version="1.0" encoding="UTF-8"?>
<!-- Generated by org.testng.reporters.JUnitReportReporter -->
<testsuite hostname="user-PC" name="com.clc.testcases.ManageGuru99Test" tests="3" failures="0" timestamp="15 Sep 2019 11:54:16 GMT" time="59.437" errors="0">
  <testcase name="verifyManagerLabel" time="19.375" classname="com.clc.testcases.ManageGuru99Test"/>
  <testcase name="verifyPgTitle" time="21.344" classname="com.clc.testcases.ManageGuru99Test"/>
  <testcase name="newCustomer" time="18.718" classname="com.clc.testcases.ManageGuru99Test"/>
</testsuite> <!-- com.clc.testcases.ManageGuru99Test -->
