<?xml version="1.0" encoding="UTF-8"?>
<!-- Generated by org.testng.reporters.JUnitReportReporter -->
<testsuite hostname="user-PC" name="com.clc.testcases.ToolsQAHomePageTest" tests="1" failures="0" timestamp="25 Aug 2019 12:07:37 GMT" time="8.477" errors="0">
  <testcase name="toolsQALogin" time="8.477" classname="com.clc.testcases.ToolsQAHomePageTest"/>
</testsuite> <!-- com.clc.testcases.ToolsQAHomePageTest -->
