<?xml version="1.0" encoding="UTF-8"?>
<!-- Generated by org.testng.reporters.JUnitReportReporter -->
<testsuite hostname="user-PC" name="com.clc.testcases.LoginGuru99Test" tests="2" failures="0" timestamp="15 Sep 2019 11:23:55 GMT" time="69.560" errors="0">
  <testcase name="verifyLogo" time="25.467" classname="com.clc.testcases.LoginGuru99Test"/>
  <testcase name="loggedIn" time="44.093" classname="com.clc.testcases.LoginGuru99Test"/>
</testsuite> <!-- com.clc.testcases.LoginGuru99Test -->
